<?xml version="1.0" encoding="UTF-8" ?>
<testsuite tests="3" failures="0" name="gotped17.BL.CurrencyConverterTest" time="0.018" errors="0" skipped="0">
  <properties>
[...]
</properties>
  <testcase classname="gotped17.BL.CurrencyConverterTest" name="gotped17.BL.CurrencyConverterTest.testConvertFromEuro" time="0.018"/>
  <testcase classname="gotped17.BL.CurrencyConverterTest" name="gotped17.BL.CurrencyConverterTest.testConvertFromEuro2" time="0"/>
  <testcase classname="gotped17.BL.CurrencyConverterTest" name="gotped17.BL.CurrencyConverterTest.testConvertFromEuroInvalid" time="0"/>
</testsuite>